waiting for input in student page
waiting for input in teacher page
waiting for input in student page
waiting for input in student page
waiting for input in student page
waiting for input in student page
waiting for input in student page
waiting for input in student page
waiting for input in teacher page
waiting for input in student page
waiting for input in student page
waiting for input in student page
waiting for input in student page
waiting for input in student page
waiting for input in student page
waiting for input in student page
waiting for input in student page
waiting for input in student page
waiting for input in student page
Tommyis sucessfully submitted
waiting for input in student page
Tommyis sucessfully submitted
Tommyis sucessfully submitted
waiting for input in student page
tommyis sucessfully submitted
tommyis sucessfully submitted
tommyis sucessfully submitted
tommyis sucessfully submitted
waiting for input in student page
waiting for input in student page
tommyis sucessfully submitted
tommyis sucessfully submitted
waiting for input in student page
waiting for input in student page
tommyis sucessfully submitted
waiting for input in student page
tommyis sucessfully submitted
waiting for input in student page
hyhis sucessfully submitted
waiting for input in student page
rrrris sucessfully submitted
waiting for input in student page
tommtis sucessfully submitted
waiting for input in teacher page
waiting for input in student page
waiting for input in student page
rris sucessfully submitted
rris sucessfully submitted
rris sucessfully submitted
waiting for input in student page
eeeis sucessfully submitted
eeeis sucessfully submitted
waiting for input in student page
waiting for input in student page
rrris sucessfully submitted
waiting for input in student page
dedeis sucessfully submitted
dedeis sucessfully submitted
waiting for input in student page
waiting for input in student page
fgtis sucessfully submitted
waiting for input in student page
tommyis sucessfully submitted
waiting for input in student page
Tommyis sucessfully submitted
waiting for input in student page
frgris sucessfully submitted
waiting for input in student page
gtis sucessfully submitted
waiting for input in student page
r4444is sucessfully submitted
waiting for input in student page
frrris sucessfully submitted
waiting for input in student page
lkjhis sucessfully submitted
lkjhis sucessfully submitted
lkjhis sucessfully submitted
waiting for input in student page
t55is sucessfully submitted
waiting for input in student page
dsais sucessfully submitted
waiting for input in student page
waiting for input in student page
waiting for input in student page
waiting for input in student page
waiting for input in student page
waiting for input in student page
waiting for input in student page
waiting for input in student page
bbis sucessfully submitted
waiting for input in student page
2
waiting for input in student page
1
waiting for input in student page
(1, u'test1', u'www.test1.com', u'this is a test', u'None', u'None', u'', u'', u'', u'', u'', u'', u'', u'')
waiting for input in student page
(1, u'test1', u'www.test1.com', u'this is a test', u'None', u'None', u'', u'', u'', u'', u'', u'', u'', u'')
waiting for input in student page
waiting for input in student page
waiting for input in student page
waiting for input in student page
waiting for input in student page
waiting for input in student page
waiting for input in student page
waiting for input in student page
waiting for input in student page
waiting for input in student page
waiting for input in student page
waiting for input in student page
waiting for input in student page
waiting for input in student page
waiting for input in student page
waiting for input in student page
waiting for input in student page
waiting for input in student page
waiting for input in student page
waiting for input in student page
waiting for input in student page
waiting for input in student page
waiting for input in student page
waiting for input in student page
waiting for input in student page
waiting for input in student page
waiting for input in student page
waiting for input in student page
tgtis sucessfully submitted
waiting for input in student page
waiting for input in student page
waiting for input in student page
frfris sucessfully submitted
waiting for input in student page
waiting for input in student page
waiting for input in student page
waiting for input in student page
waiting for input in student page
waiting for input in student page
waiting for input in student page
waiting for input in student page
waiting for input in student page
waiting for input in student page
waiting for input in student page
waiting for input in student page
waiting for input in student page
waiting for input in student page
waiting for input in student page
waiting for input in student page
waiting for input in student page
waiting for input in student page
waiting for input in student page
waiting for input in student page
waiting for input in student page
waiting for input in student page
waiting for input in student page
waiting for input in student page
waiting for input in student page
waiting for input in student page
waiting for input in student page
waiting for input in student page
waiting for input in student page
waiting for input in student page
waiting for input in teacher page
waiting for input in student page
waiting for input in student page
waiting for input in student page
waiting for input in student page
waiting for input in student page
waiting for input in student page
waiting for input in student page
waiting for input in student page
waiting for input in student page
waiting for input in student page
waiting for input in student page
waiting for input in student page
waiting for input in student page
[u'2']
[u'2']
[u'2']
[u'2']
[u'2']
[u'2']
2
waiting for input in student page
test1
test1
waiting for input in student page
1
1
1
1
1
1
1
waiting for input in student page
1
